Arguments: 
  C:\Program Files\nodejs\node.exe C:\Program Files (x86)\Yarn\bin\yarn.js

PATH: 
  C:\Users\Paulo\bin;C:\Program Files\Git\mingw64\bin;C:\Program Files\Git\usr\local\bin;C:\Program Files\Git\usr\bin;C:\Program Files\Git\usr\bin;C:\Program Files\Git\mingw64\bin;C:\Program Files\Git\usr\bin;C:\Users\Paulo\bin;C:\Program Files\Common Files\Oracle\Java\javapath;C:\Program Files (x86)\Common Files\Oracle\Java\javapath;C:\Python27;C:\Python27\Scripts;C:\Windows\system32;C:\Windows;C:\Windows\System32\Wbem;C:\Windows\System32\WindowsPowerShell\v1.0;C:\Windows\System32\OpenSSH;C:\Program Files\nodejs;C:\Users\Paulo\AppData\Local\Android\Sdk\platform-tools;C:\Program Files\dotnet;C:\Program Files\Microsoft SQL Server\130\Tools\Binn;C:\Program Files\Microsoft SQL Server\Client SDK\ODBC\170\Tools\Binn;C:\ProgramData\chocolatey\bin;C:\Program Files\Docker\Docker\resources\bin;C:\ProgramData\DockerDesktop\version-bin;C:\Program Files\Git\cmd;C:\Program Files (x86)\Yarn\bin;C:\Program Files\Microsoft SQL Server\150\Tools\Binn;C:\Program Files\Java\jdk-17.0.4.1\bin;C:\Users\Paulo\Documents\ELK-Stack\logstash-8.4.2\bin;C:\Program Files\MySQL\MySQL Shell 8.0\bin;C:\Users\Paulo\AppData\Local\Microsoft\WindowsApps;C:\Users\Paulo\AppData\Local\Programs\Microsoft VS Code\bin;C:\Program Files\heroku\bin;C:\Users\Paulo\AppData\Roaming\npm;C:\xampp\php;C:\Users\Paulo\Documents\flutter\bin;C:\Users\Paulo\.dotnet\tools;C:\Users\Paulo\AppData\Local\Yarn\bin;C:\Program Files\JetBrains\IntelliJ IDEA 2021.3.3\bin;C:\Program Files\JetBrains\IntelliJ IDEA Community Edition 2021.3.3\bin;C:\Program Files\Git\usr\bin\vendor_perl;C:\Program Files\Git\usr\bin\core_perl

Yarn version: 
  1.22.18

Node version: 
  14.17.3

Platform: 
  win32 x64

Trace: 
  Error: https://registry.yarnpkg.com/@material-ui/icons/-/icons-4.11.3.tgz: ESOCKETTIMEDOUT
      at ClientRequest.<anonymous> (C:\Program Files (x86)\Yarn\lib\cli.js:141510:19)
      at Object.onceWrapper (events.js:481:28)
      at ClientRequest.emit (events.js:375:28)
      at TLSSocket.emitRequestTimeout (_http_client.js:790:9)
      at Object.onceWrapper (events.js:481:28)
      at TLSSocket.emit (events.js:387:35)
      at TLSSocket.Socket._onTimeout (net.js:484:8)
      at listOnTimeout (internal/timers.js:557:17)
      at processTimers (internal/timers.js:500:7)

npm manifest: 
  {
    "name": "merxchallenge",
    "version": "0.1.0",
    "private": true,
    "dependencies": {
      "@emotion/react": "^11.8.2",
      "@emotion/styled": "^11.8.1",
      "@material-ui/core": "^4.12.4",
      "@material-ui/data-grid": "^4.0.0-alpha.37",
      "@material-ui/icons": "^4.11.3",
      "@material-ui/lab": "latest",
      "@material-ui/x-grid": "latest",
      "@material-ui/x-grid-data-generator": "latest",
      "@mui/icons-material": "^5.5.0",
      "@mui/lab": "^5.0.0-alpha.72",
      "@mui/material": "^5.5.0",
      "@mui/x-data-grid-generator": "^5.17.3",
      "@mui/x-data-grid-pro": "^5.17.3",
      "@testing-library/jest-dom": "^5.16.2",
      "@testing-library/react": "^12.1.4",
      "@testing-library/user-event": "^13.5.0",
      "antd": "^4.23.2",
      "axios": "^0.27.2",
      "cors": "^2.8.5",
      "react": "^17.0.2",
      "react-dom": "^17.0.2",
      "react-router-dom": "^6.2.2",
      "react-scripts": "5.0.0",
      "web-vitals": "^2.1.4"
    },
    "scripts": {
      "start": "react-scripts start",
      "build": "react-scripts build",
      "test": "react-scripts test",
      "eject": "react-scripts eject"
    },
    "eslintConfig": {
      "extends": [
        "react-app",
        "react-app/jest"
      ]
    },
    "browserslist": {
      "production": [
        ">0.2%",
        "not dead",
        "not op_mini all"
      ],
      "development": [
        "last 1 chrome version",
        "last 1 firefox version",
        "last 1 safari version"
      ]
    }
  }

yarn manifest: 
  No manifest

Lockfile: 
  No lockfile
